ago. 12, 2025 10:04:33 AM liquibase.changelog
INFO: Reading resource: db/changelog/migrations/db.changelog-202508111045.sql
ago. 12, 2025 10:04:33 AM liquibase.changelog
INFO: Reading resource: db/changelog/migrations/db.changelog-202508120540.sql
ago. 12, 2025 10:04:33 AM liquibase.changelog
INFO: Reading resource: db/changelog/migrations/db.changelog-202508120617.sql
ago. 12, 2025 10:04:33 AM liquibase.changelog
INFO: Reading resource: db/changelog/migrations/db.changelog-202508120625.sql
ago. 12, 2025 10:04:35 AM liquibase.changelog
INFO: Reading from railway.DATABASECHANGELOG
Database is up to date, no changesets to execute
ago. 12, 2025 10:04:36 AM liquibase.changelog
INFO: Reading from railway.DATABASECHANGELOG

UPDATE SUMMARY
Run:                          0
Previously run:               4
Filtered out:                 0
-------------------------------
Total change sets:            4

ago. 12, 2025 10:04:36 AM liquibase.util
INFO: UPDATE SUMMARY
ago. 12, 2025 10:04:36 AM liquibase.util
INFO: Run:                          0
ago. 12, 2025 10:04:36 AM liquibase.util
INFO: Previously run:               4
ago. 12, 2025 10:04:36 AM liquibase.util
INFO: Filtered out:                 0
ago. 12, 2025 10:04:36 AM liquibase.util
INFO: -------------------------------
ago. 12, 2025 10:04:36 AM liquibase.util
INFO: Total change sets:            4
ago. 12, 2025 10:04:36 AM liquibase.util
INFO: Update summary generated
ago. 12, 2025 10:04:37 AM liquibase.lockservice
INFO: Successfully released change log lock
ago. 12, 2025 10:04:37 AM liquibase.command
INFO: Command execution complete
